2025-04-03 17:06:17,475 - INFO - === Script Execution Started ===
2025-04-03 17:06:17,475 - INFO - Sending request to NSE website to fetch data.
2025-04-03 17:06:18,494 - INFO - Data successfully fetched from NSE API.
2025-04-03 17:06:18,496 - INFO - Successfully converted JSON data to DataFrame with 51 rows.
2025-04-03 17:06:18,497 - INFO - Renamed columns successfully.
2025-04-03 17:06:18,499 - INFO - Converted numeric columns and handled missing values.
2025-04-03 17:06:18,499 - INFO - Fetching top 5 stocks by %CHNG.
2025-04-03 17:06:18,500 - INFO - Fetching bottom 5 stocks by %CHNG.
2025-04-03 17:06:18,503 - INFO - Top 5 Gainers:
    SYMBOL  %CHNG
 POWERGRID   4.60
 SUNPHARMA   3.41
     CIPLA   3.28
ULTRACEMCO   3.06
SHRIRAMFIN   2.30
2025-04-03 17:06:18,504 - INFO - Top 5 Losers:
 SYMBOL  %CHNG
    TCS  -3.97
HCLTECH  -3.87
  TECHM  -3.73
   INFY  -3.51
   ONGC  -2.81
2025-04-03 17:06:22,575 - INFO - Saved gainers and losers chart as 'gainers_losers_chart.png'.
2025-04-03 17:06:22,576 - INFO - Fetching top 5 stocks by 30 D %CHNG.
2025-04-03 17:06:22,582 - INFO - Top 5 Stocks in Last 30 Days:
    SYMBOL  30 D %CHNG
     TRENT       14.87
    JIOFIN       14.36
 POWERGRID       13.56
ADANIPORTS       13.52
  HDFCLIFE       12.65
2025-04-03 17:06:22,591 - INFO - 
Stocks 30% below 52W High:
    SYMBOL     LTP    52W H
  ADANIENT 2414.00  3743.90
ASIANPAINT 2347.70  3394.90
INDUSINDBK  708.60  1576.35
    JIOFIN  230.64   394.70
     TRENT 5666.00  8345.00
    ZOMATO  211.00   304.70
HEROMOTOCO 3745.00  6246.25
BAJAJ-AUTO 7909.75 12774.00
TATAMOTORS  655.55  1179.00
2025-04-03 17:06:22,594 - INFO - 
Stocks 20% above 52W Low:
    SYMBOL      LTP   52W L
 POWERGRID   299.95  247.30
 SUNPHARMA  1772.00 1377.20
ULTRACEMCO 11595.10 9250.00
SHRIRAMFIN   654.10  438.60
      NTPC   359.25  292.80
       BEL   287.50  212.60
    GRASIM  2652.00 2171.60
TATACONSUM  1068.65  882.90
ADANIPORTS  1201.30  995.65
 EICHERMOT  5372.50 3886.10
 ICICIBANK  1328.95 1048.10
  HDFCBANK  1792.80 1426.80
     TRENT  5666.00 3843.00
    ZOMATO   211.00  146.30
  HDFCLIFE   692.45  511.40
 TATASTEEL   153.85  122.62
BAJAJFINSV  1919.00 1419.05
BHARTIARTL  1742.50 1183.10
       M&M  2617.00 1901.45
 KOTAKBANK  2133.00 1543.85
BAJFINANCE  8570.00 6375.70
  JSWSTEEL  1043.05  823.80
     WIPRO   256.65  208.50
2025-04-03 17:06:22,594 - INFO - === Script Execution Completed ===
